<?xml version="1.0" encoding="UTF-8"?>
<!-- Generated by org.testng.reporters.JUnitXMLReporter -->
<testsuite ignored="0" hostname="DESKTOP-JCVQPDO" failures="0" tests="1" name="Test-runner-edge" time="54.025" errors="0" timestamp="2025-05-05T11:51:37 IST">
  <testcase classname="inventoryTests.AddProductToCartTest" name="tc_01_AddProductTocartTest" time="4.803"/>
</testsuite> <!-- Test-runner-edge -->
