<?xml version="1.0" encoding="UTF-8"?>
<!-- Generated by org.testng.reporters.JUnitXMLReporter -->
<testsuite ignored="0" hostname="DESKTOP-JCVQPDO" failures="0" tests="1" name="Test-runner-firefox" time="166.568" errors="0" timestamp="2025-05-05T11:53:29 IST">
  <testcase classname="inventoryTests.AddProductToCartTest" name="tc_01_AddProductTocartTest" time="2.971"/>
</testsuite> <!-- Test-runner-firefox -->
