<?xml version="1.0" encoding="UTF-8"?>
<!-- Generated by org.testng.reporters.JUnitXMLReporter -->
<testsuite ignored="0" hostname="DESKTOP-JCVQPDO" failures="0" tests="1" name="Test-runner-1" time="14.48" errors="0" timestamp="2025-05-03T12:29:16 IST">
  <testcase classname="inventoryTests.AddProductToCartTest" name="tc_01_AddProductTocartTest" time="5.944"/>
</testsuite> <!-- Test-runner-1 -->
