<?xml version="1.0" encoding="UTF-8"?>
<!-- Generated by org.testng.reporters.JUnitReportReporter -->
<testsuite hostname="DESKTOP-JCVQPDO" failures="0" tests="1" name="inventoryTests.AddLowestPriceProductToCartTest" time="4.827" errors="0" timestamp="2025-05-09T12:55:25 IST" skipped="0">
  <testcase classname="inventoryTests.AddLowestPriceProductToCartTest" name="tc_02_AddLowestProductTocartTest" time="4.827"/>
</testsuite> <!-- inventoryTests.AddLowestPriceProductToCartTest -->
